<?xml version="1.0" encoding="UTF-8"?>
<!-- Generated by org.testng.reporters.JUnitXMLReporter -->
<testsuite ignored="1" hostname="Kashs-MacBook-Air.local" failures="0" tests="5" name="Default test" time="34.426" errors="0" timestamp="2022-07-12T17:45:31 EDT">
  <testcase classname="seleniumScripts.AmazonFeatureTests" name="verifyTitleOfThePage" time="1.918"/>
  <testcase classname="seleniumScripts.AmazonFeatureTests" name="searchProduct" time="18.143"/>
  <testcase classname="seleniumScripts.AmazonFeatureTests" name="getNthProduct" time="0.312"/>
  <testcase classname="seleniumScripts.AmazonFeatureTests" name="getAllProducts" time="1.677"/>
  <testcase classname="seleniumScripts.AmazonFeatureTests" name="getAllProductsViaScrollDownUsingJS" time="1.487"/>
  <testcase classname="seleniumScripts.AmazonFeatureTests" name="searchAllProductsViaScrollDown" time="0.0">
    <ignored/>
  </testcase> <!-- searchAllProductsViaScrollDown -->
</testsuite> <!-- Default test -->
