<?xml version="1.0" encoding="UTF-8"?>
<testng-results ignored="1" total="6" passed="5" failed="0" skipped="0">
  <reporter-output>
  </reporter-output>
  <suite started-at="2022-07-12T17:44:56 EDT" name="Default suite" finished-at="2022-07-12T17:45:31 EDT" duration-ms="34426">
    <groups>
    </groups>
    <test started-at="2022-07-12T17:44:56 EDT" name="Default test" finished-at="2022-07-12T17:45:31 EDT" duration-ms="34426">
      <class name="seleniumScripts.AmazonFeatureTests">
        <test-method is-config="true" signature="invokeBrowser()[pri:0, instance:seleniumScripts.AmazonFeatureTests@4ddced80]" started-at="2022-07-12T17:44:56 EDT" name="invokeBrowser" finished-at="2022-07-12T17:45:07 EDT" duration-ms="10646" status="PASS">
          <reporter-output>
          </reporter-output>
        </test-method> <!-- invokeBrowser -->
        <test-method signature="verifyTitleOfThePage()[pri:0, instance:seleniumScripts.AmazonFeatureTests@4ddced80]" started-at="2022-07-12T17:45:07 EDT" name="verifyTitleOfThePage" finished-at="2022-07-12T17:45:09 EDT" duration-ms="1918" status="PASS">
          <reporter-output>
          </reporter-output>
        </test-method> <!-- verifyTitleOfThePage -->
        <test-method signature="searchProduct()[pri:100, instance:seleniumScripts.AmazonFeatureTests@4ddced80]" started-at="2022-07-12T17:45:09 EDT" name="searchProduct" finished-at="2022-07-12T17:45:27 EDT" duration-ms="18143" status="PASS">
          <reporter-output>
          </reporter-output>
        </test-method> <!-- searchProduct -->
        <test-method signature="getNthProduct()[pri:200, instance:seleniumScripts.AmazonFeatureTests@4ddced80]" started-at="2022-07-12T17:45:27 EDT" name="getNthProduct" finished-at="2022-07-12T17:45:27 EDT" duration-ms="312" status="PASS">
          <reporter-output>
          </reporter-output>
        </test-method> <!-- getNthProduct -->
        <test-method signature="getAllProducts()[pri:300, instance:seleniumScripts.AmazonFeatureTests@4ddced80]" started-at="2022-07-12T17:45:27 EDT" name="getAllProducts" finished-at="2022-07-12T17:45:29 EDT" duration-ms="1677" status="PASS">
          <reporter-output>
          </reporter-output>
        </test-method> <!-- getAllProducts -->
        <test-method signature="getAllProductsViaScrollDownUsingJS()[pri:500, instance:seleniumScripts.AmazonFeatureTests@4ddced80]" started-at="2022-07-12T17:45:29 EDT" name="getAllProductsViaScrollDownUsingJS" finished-at="2022-07-12T17:45:30 EDT" duration-ms="1487" status="PASS">
          <reporter-output>
          </reporter-output>
        </test-method> <!-- getAllProductsViaScrollDownUsingJS -->
        <test-method is-config="true" signature="closeBrowser()[pri:0, instance:seleniumScripts.AmazonFeatureTests@4ddced80]" started-at="2022-07-12T17:45:30 EDT" name="closeBrowser" finished-at="2022-07-12T17:45:31 EDT" duration-ms="172" status="PASS">
          <reporter-output>
          </reporter-output>
        </test-method> <!-- closeBrowser -->
      </class> <!-- seleniumScripts.AmazonFeatureTests -->
    </test> <!-- Default test -->
  </suite> <!-- Default suite -->
</testng-results>
